build/app/intermediates/manifest_merge_blame_file/debug/manifest-merger-blame-debug-report.txt
1<?xml version="1.0" encoding="utf-8"?>
2<manifest xmlns:android="http://schemas.android.com/apk/res/android"
3    package="im.getsocial.flutter.demo"
4    android:versionCode="1"
5    android:versionName="1.0" >
6
7    <uses-sdk
8        android:minSdkVersion="16"
9        android:targetSdkVersion="30" />
10    <!--
11         Flutter needs it to communicate with the running application
12         to allow setting breakpoints, to provide hot reload, etc.
13    -->
14    <uses-permission android:name="android.permission.INTERNET" />
14-->src/debug/AndroidManifest.xml:6:5-66
14-->src/debug/AndroidManifest.xml:6:22-64
15    <uses-permission android:name="android.permission.READ_EXTERNAL_STORAGE" />
15-->[:file_picker] AndroidManifest.xml:7:5-80
15-->[:file_picker] AndroidManifest.xml:7:22-77
16    <uses-permission android:name="com.google.android.finsky.permission.BIND_GET_INSTALL_REFERRER_SERVICE" />
16-->[com.android.installreferrer:installreferrer:1.1] AndroidManifest.xml:5:5-110
16-->[com.android.installreferrer:installreferrer:1.1] AndroidManifest.xml:5:22-107
17    <uses-permission android:name="android.permission.WRITE_EXTERNAL_STORAGE" />
18    <uses-permission android:name="android.permission.READ_PHONE_STATE" />
19    <uses-permission android:name="android.permission.ACCESS_NETWORK_STATE" />
19-->[im.getsocial:getsocial-core:7.9.1] AndroidManifest.xml:10:5-79
19-->[im.getsocial:getsocial-core:7.9.1] AndroidManifest.xml:10:22-76
20    <uses-permission android:name="android.permission.WAKE_LOCK" /> <!-- Required by older versions of Google Play services to create IID tokens -->
20-->[com.google.firebase:firebase-iid:19.0.1] AndroidManifest.xml:24:5-68
20-->[com.google.firebase:firebase-iid:19.0.1] AndroidManifest.xml:24:22-65
21    <uses-permission android:name="com.google.android.c2dm.permission.RECEIVE" />
21-->[com.google.firebase:firebase-iid:19.0.1] AndroidManifest.xml:26:5-82
21-->[com.google.firebase:firebase-iid:19.0.1] AndroidManifest.xml:26:22-79
22    <!--
23 io.flutter.app.FlutterApplication is an android.app.Application that
24         calls FlutterMain.startInitialization(this); in its onCreate method.
25         In most cases you can leave this as-is, but you if you want to provide
26         additional functionality it is fine to subclass or reimplement
27         FlutterApplication and put your custom class here.
28    -->
29    <application
29-->src/main/AndroidManifest.xml:8:5-51:19
30        android:name="io.flutter.app.FlutterApplication"
30-->src/main/AndroidManifest.xml:9:9-57
31        android:appComponentFactory="androidx.core.app.CoreComponentFactory"
31-->[androidx.core:core:1.6.0] AndroidManifest.xml:24:18-86
32        android:debuggable="true"
33        android:icon="@mipmap/ic_launcher"
33-->src/main/AndroidManifest.xml:11:9-43
34        android:label="@string/app_name" >
34-->src/main/AndroidManifest.xml:10:9-41
35        <activity
35-->src/main/AndroidManifest.xml:12:9-41:20
36            android:name="im.getsocial.flutter.demo.MainActivity"
36-->src/main/AndroidManifest.xml:13:13-66
37            android:configChanges="orientation|keyboardHidden|keyboard|screenSize|smallestScreenSize|locale|layoutDirection|fontScale|screenLayout|density|uiMode"
37-->src/main/AndroidManifest.xml:17:13-163
38            android:hardwareAccelerated="true"
38-->src/main/AndroidManifest.xml:18:13-47
39            android:label="@string/app_name"
39-->src/main/AndroidManifest.xml:14:13-45
40            android:launchMode="singleTop"
40-->src/main/AndroidManifest.xml:15:13-43
41            android:theme="@style/LaunchTheme"
41-->src/main/AndroidManifest.xml:16:13-47
42            android:windowSoftInputMode="adjustResize" >
42-->src/main/AndroidManifest.xml:19:13-55
43
44            <!--
45                 Specifies an Android theme to apply to this Activity as soon as
46                 the Android process has started. This theme is visible to the user
47                 while the Flutter UI initializes. After that, this theme continues
48                 to determine the Window background behind the Flutter UI.
49            -->
50            <meta-data
50-->src/main/AndroidManifest.xml:24:13-27:17
51                android:name="io.flutter.embedding.android.NormalTheme"
51-->src/main/AndroidManifest.xml:25:15-70
52                android:resource="@style/NormalTheme" />
52-->src/main/AndroidManifest.xml:26:15-52
53            <!--
54                 Displays an Android View that continues showing the launch screen
55                 Drawable until Flutter paints its first frame, then this splash
56                 screen fades out. A splash screen is useful to avoid any visual
57                 gap between the end of Android's launch screen and the painting of
58                 Flutter's first frame.
59            -->
60            <meta-data
60-->src/main/AndroidManifest.xml:33:13-36:17
61                android:name="io.flutter.embedding.android.SplashScreenDrawable"
61-->src/main/AndroidManifest.xml:34:15-79
62                android:resource="@drawable/launch_background" />
62-->src/main/AndroidManifest.xml:35:15-61
63
64            <intent-filter>
64-->src/main/AndroidManifest.xml:37:13-40:29
65                <action android:name="android.intent.action.MAIN" />
65-->src/main/AndroidManifest.xml:38:17-68
65-->src/main/AndroidManifest.xml:38:25-66
66
67                <category android:name="android.intent.category.LAUNCHER" />
67-->src/main/AndroidManifest.xml:39:17-76
67-->src/main/AndroidManifest.xml:39:27-74
68            </intent-filter>
69        </activity>
70        <!--
71             Don't delete the meta-data below.
72             This is used by the Flutter tool to generate GeneratedPluginRegistrant.java
73        -->
74        <meta-data
74-->src/main/AndroidManifest.xml:44:9-46:33
75            android:name="flutterEmbedding"
75-->src/main/AndroidManifest.xml:45:13-44
76            android:value="2" />
76-->src/main/AndroidManifest.xml:46:13-30
77        <meta-data
77-->src/main/AndroidManifest.xml:47:9-49:35
78            android:name="com.google.android.gms.ads.AD_MANAGER_APP"
78-->src/main/AndroidManifest.xml:48:13-69
79            android:value="true" />
79-->src/main/AndroidManifest.xml:49:13-33
80
81        <!--
82             FirebaseMessagingService performs security checks at runtime,
83             but set to not exported to explicitly avoid allowing another app to call it.
84        -->
85        <service
85-->[com.google.firebase:firebase-messaging:19.0.1] AndroidManifest.xml:28:9-34:19
86            android:name="com.google.firebase.messaging.FirebaseMessagingService"
86-->[com.google.firebase:firebase-messaging:19.0.1] AndroidManifest.xml:29:13-82
87            android:exported="false" >
87-->[com.google.firebase:firebase-messaging:19.0.1] AndroidManifest.xml:30:13-37
88            <intent-filter android:priority="-500" >
88-->[com.google.firebase:firebase-messaging:19.0.1] AndroidManifest.xml:31:13-33:29
88-->[com.google.firebase:firebase-messaging:19.0.1] AndroidManifest.xml:31:28-51
89                <action android:name="com.google.firebase.MESSAGING_EVENT" />
89-->[com.google.firebase:firebase-messaging:19.0.1] AndroidManifest.xml:32:17-78
89-->[com.google.firebase:firebase-messaging:19.0.1] AndroidManifest.xml:32:25-75
90            </intent-filter>
91        </service>
92
93        <activity
93-->[im.getsocial:getsocial-core:7.9.1] AndroidManifest.xml:13:9-39:20
94            android:name="im.getsocial.sdk.internal.unity.GetSocialDeepLinkingActivity"
94-->[im.getsocial:getsocial-core:7.9.1] AndroidManifest.xml:14:13-88
95            android:exported="true" >
95-->[im.getsocial:getsocial-core:7.9.1] AndroidManifest.xml:15:13-36
96            <intent-filter android:autoVerify="true" >
96-->[im.getsocial:getsocial-core:7.9.1] AndroidManifest.xml:16:13-28:29
96-->[im.getsocial:getsocial-core:7.9.1] AndroidManifest.xml:16:28-53
97                <action android:name="android.intent.action.VIEW" />
97-->[im.getsocial:getsocial-core:7.9.1] AndroidManifest.xml:17:17-69
97-->[im.getsocial:getsocial-core:7.9.1] AndroidManifest.xml:17:25-66
98
99                <category android:name="android.intent.category.DEFAULT" />
99-->[im.getsocial:getsocial-core:7.9.1] AndroidManifest.xml:19:17-76
99-->[im.getsocial:getsocial-core:7.9.1] AndroidManifest.xml:19:27-73
100                <category android:name="android.intent.category.BROWSABLE" />
100-->[im.getsocial:getsocial-core:7.9.1] AndroidManifest.xml:20:17-78
100-->[im.getsocial:getsocial-core:7.9.1] AndroidManifest.xml:20:27-75
101
102                <data
102-->[im.getsocial:getsocial-core:7.9.1] AndroidManifest.xml:22:17-24:46
103                    android:host="wateriopoc.gsc.im"
103-->[im.getsocial:getsocial-core:7.9.1] AndroidManifest.xml:23:21-59
104                    android:scheme="https" />
104-->[im.getsocial:getsocial-core:7.9.1] AndroidManifest.xml:24:21-43
105                <data
105-->[im.getsocial:getsocial-core:7.9.1] AndroidManifest.xml:22:17-24:46
106                    android:host="wateriopoc-gsalt.gsc.im"
106-->[im.getsocial:getsocial-core:7.9.1] AndroidManifest.xml:23:21-59
107                    android:scheme="https" />
107-->[im.getsocial:getsocial-core:7.9.1] AndroidManifest.xml:24:21-43
108            </intent-filter>
109            <intent-filter android:autoVerify="false" >
109-->[im.getsocial:getsocial-core:7.9.1] AndroidManifest.xml:29:13-38:29
109-->[im.getsocial:getsocial-core:7.9.1] AndroidManifest.xml:29:28-54
110                <action android:name="android.intent.action.VIEW" />
110-->[im.getsocial:getsocial-core:7.9.1] AndroidManifest.xml:17:17-69
110-->[im.getsocial:getsocial-core:7.9.1] AndroidManifest.xml:17:25-66
111
112                <category android:name="android.intent.category.DEFAULT" />
112-->[im.getsocial:getsocial-core:7.9.1] AndroidManifest.xml:19:17-76
112-->[im.getsocial:getsocial-core:7.9.1] AndroidManifest.xml:19:27-73
113                <category android:name="android.intent.category.BROWSABLE" />
113-->[im.getsocial:getsocial-core:7.9.1] AndroidManifest.xml:20:17-78
113-->[im.getsocial:getsocial-core:7.9.1] AndroidManifest.xml:20:27-75
114
115                <data
115-->[im.getsocial:getsocial-core:7.9.1] AndroidManifest.xml:22:17-24:46
116                    android:host="7LW77m6e980806"
116-->[im.getsocial:getsocial-core:7.9.1] AndroidManifest.xml:23:21-59
117                    android:scheme="getsocial" />
117-->[im.getsocial:getsocial-core:7.9.1] AndroidManifest.xml:24:21-43
118            </intent-filter>
119        </activity>
120        <activity
120-->[im.getsocial:getsocial-core:7.9.1] AndroidManifest.xml:40:9-47:20
121            android:name="im.getsocial.sdk.notifications.internal.strategy.NotificationClickActivity"
121-->[im.getsocial:getsocial-core:7.9.1] AndroidManifest.xml:41:13-102
122            android:excludeFromRecents="true"
122-->[im.getsocial:getsocial-core:7.9.1] AndroidManifest.xml:42:13-46
123            android:exported="true"
123-->[im.getsocial:getsocial-core:7.9.1] AndroidManifest.xml:43:13-36
124            android:noHistory="true"
124-->[im.getsocial:getsocial-core:7.9.1] AndroidManifest.xml:44:13-37
125            android:taskAffinity=""
125-->[im.getsocial:getsocial-core:7.9.1] AndroidManifest.xml:45:13-36
126            android:theme="@android:style/Theme.Translucent.NoTitleBar" >
126-->[im.getsocial:getsocial-core:7.9.1] AndroidManifest.xml:46:13-72
127        </activity>
128
129        <provider
129-->[im.getsocial:getsocial-core:7.9.1] AndroidManifest.xml:49:9-53:40
130            android:name="im.getsocial.sdk.AutoInitSdkContentProvider"
130-->[im.getsocial:getsocial-core:7.9.1] AndroidManifest.xml:50:13-71
131            android:authorities="im.getsocial.flutter.demo.AutoInitContentProvider"
131-->[im.getsocial:getsocial-core:7.9.1] AndroidManifest.xml:51:13-75
132            android:enabled="true"
132-->[im.getsocial:getsocial-core:7.9.1] AndroidManifest.xml:52:13-35
133            android:exported="false" />
133-->[im.getsocial:getsocial-core:7.9.1] AndroidManifest.xml:53:13-37
134        <provider
134-->[im.getsocial:getsocial-core:7.9.1] AndroidManifest.xml:54:9-58:50
135            android:name="im.getsocial.sdk.invites.ImageContentProvider"
135-->[im.getsocial:getsocial-core:7.9.1] AndroidManifest.xml:55:13-73
136            android:authorities="im.getsocial.flutter.demo.smartinvite.images.provider"
136-->[im.getsocial:getsocial-core:7.9.1] AndroidManifest.xml:56:13-79
137            android:exported="false"
137-->[im.getsocial:getsocial-core:7.9.1] AndroidManifest.xml:57:13-37
138            android:grantUriPermissions="true" />
138-->[im.getsocial:getsocial-core:7.9.1] AndroidManifest.xml:58:13-47
139
140        <receiver
140-->[im.getsocial:getsocial-core:7.9.1] AndroidManifest.xml:60:9-75:20
141            android:name="im.getsocial.sdk.PushNotificationsReceiver"
141-->[im.getsocial:getsocial-core:7.9.1] AndroidManifest.xml:61:13-70
142            android:exported="true"
142-->[im.getsocial:getsocial-core:7.9.1] AndroidManifest.xml:62:13-36
143            android:permission="com.google.android.c2dm.permission.SEND" >
143-->[im.getsocial:getsocial-core:7.9.1] AndroidManifest.xml:63:13-73
144            <intent-filter>
144-->[im.getsocial:getsocial-core:7.9.1] AndroidManifest.xml:64:13-69:29
145                <action android:name="com.google.android.c2dm.intent.REGISTRATION" />
145-->[im.getsocial:getsocial-core:7.9.1] AndroidManifest.xml:65:17-86
145-->[im.getsocial:getsocial-core:7.9.1] AndroidManifest.xml:65:25-83
146                <action android:name="com.google.android.c2dm.intent.RECEIVE" />
146-->[im.getsocial:getsocial-core:7.9.1] AndroidManifest.xml:66:17-81
146-->[im.getsocial:getsocial-core:7.9.1] AndroidManifest.xml:66:25-78
147
148                <category android:name=".gcm" />
149            </intent-filter>
150            <intent-filter>
150-->[im.getsocial:getsocial-core:7.9.1] AndroidManifest.xml:70:13-74:29
151                <action android:name="im.getsocial.sdk.intent.RECEIVE" />
151-->[im.getsocial:getsocial-core:7.9.1] AndroidManifest.xml:71:17-74
151-->[im.getsocial:getsocial-core:7.9.1] AndroidManifest.xml:71:25-71
152
153                <data android:scheme="getSocialNotificationId" />
153-->[im.getsocial:getsocial-core:7.9.1] AndroidManifest.xml:22:17-24:46
153-->[im.getsocial:getsocial-core:7.9.1] AndroidManifest.xml:24:21-43
154            </intent-filter>
155        </receiver>
156        <receiver
156-->[im.getsocial:getsocial-core:7.9.1] AndroidManifest.xml:76:9-82:20
157            android:name="im.getsocial.sdk.LocaleChangeReceiver"
157-->[im.getsocial:getsocial-core:7.9.1] AndroidManifest.xml:77:13-65
158            android:exported="true" >
158-->[im.getsocial:getsocial-core:7.9.1] AndroidManifest.xml:78:13-36
159            <intent-filter>
159-->[im.getsocial:getsocial-core:7.9.1] AndroidManifest.xml:79:13-81:29
160                <action android:name="android.intent.action.LOCALE_CHANGED" />
160-->[im.getsocial:getsocial-core:7.9.1] AndroidManifest.xml:80:17-79
160-->[im.getsocial:getsocial-core:7.9.1] AndroidManifest.xml:80:25-76
161            </intent-filter>
162        </receiver>
163
164        <service
164-->[com.google.firebase:firebase-iid:19.0.1] AndroidManifest.xml:29:9-35:19
165            android:name="com.google.firebase.components.ComponentDiscoveryService"
165-->[com.google.firebase:firebase-iid:19.0.1] AndroidManifest.xml:30:13-84
166            android:exported="false" >
166-->[com.google.firebase:firebase-iid:19.0.1] AndroidManifest.xml:31:13-37
167            <meta-data
167-->[com.google.firebase:firebase-iid:19.0.1] AndroidManifest.xml:32:13-34:85
168                android:name="com.google.firebase.components:com.google.firebase.iid.Registrar"
168-->[com.google.firebase:firebase-iid:19.0.1] AndroidManifest.xml:33:17-96
169                android:value="com.google.firebase.components.ComponentRegistrar" />
169-->[com.google.firebase:firebase-iid:19.0.1] AndroidManifest.xml:34:17-82
170        </service>
171
172        <receiver
172-->[com.google.firebase:firebase-iid:19.0.1] AndroidManifest.xml:37:9-44:20
173            android:name="com.google.firebase.iid.FirebaseInstanceIdReceiver"
173-->[com.google.firebase:firebase-iid:19.0.1] AndroidManifest.xml:38:13-78
174            android:exported="true"
174-->[com.google.firebase:firebase-iid:19.0.1] AndroidManifest.xml:39:13-36
175            android:permission="com.google.android.c2dm.permission.SEND" >
175-->[com.google.firebase:firebase-iid:19.0.1] AndroidManifest.xml:40:13-73
176            <intent-filter>
176-->[com.google.firebase:firebase-iid:19.0.1] AndroidManifest.xml:41:13-43:29
177                <action android:name="com.google.android.c2dm.intent.RECEIVE" />
177-->[im.getsocial:getsocial-core:7.9.1] AndroidManifest.xml:66:17-81
177-->[im.getsocial:getsocial-core:7.9.1] AndroidManifest.xml:66:25-78
178            </intent-filter>
179        </receiver>
180
181        <provider
181-->[com.google.firebase:firebase-common:18.0.0] AndroidManifest.xml:12:9-16:39
182            android:name="com.google.firebase.provider.FirebaseInitProvider"
182-->[com.google.firebase:firebase-common:18.0.0] AndroidManifest.xml:13:13-77
183            android:authorities="im.getsocial.flutter.demo.firebaseinitprovider"
183-->[com.google.firebase:firebase-common:18.0.0] AndroidManifest.xml:14:13-72
184            android:exported="false"
184-->[com.google.firebase:firebase-common:18.0.0] AndroidManifest.xml:15:13-37
185            android:initOrder="100" />
185-->[com.google.firebase:firebase-common:18.0.0] AndroidManifest.xml:16:13-36
186
187        <activity
187-->[com.google.android.gms:play-services-base:17.0.0] AndroidManifest.xml:23:9-26:75
188            android:name="com.google.android.gms.common.api.GoogleApiActivity"
188-->[com.google.android.gms:play-services-base:17.0.0] AndroidManifest.xml:24:13-79
189            android:exported="false"
189-->[com.google.android.gms:play-services-base:17.0.0] AndroidManifest.xml:25:13-37
190            android:theme="@android:style/Theme.Translucent.NoTitleBar" /> <!-- Include the AdActivity and InAppPurchaseActivity configChanges and themes. -->
190-->[com.google.android.gms:play-services-base:17.0.0] AndroidManifest.xml:26:13-72
191        <activity
191-->[com.google.android.gms:play-services-ads-lite:18.1.1] AndroidManifest.xml:29:9-33:64
192            android:name="com.google.android.gms.ads.AdActivity"
192-->[com.google.android.gms:play-services-ads-lite:18.1.1] AndroidManifest.xml:30:13-65
193            android:configChanges="keyboard|keyboardHidden|orientation|screenLayout|uiMode|screenSize|smallestScreenSize"
193-->[com.google.android.gms:play-services-ads-lite:18.1.1] AndroidManifest.xml:31:13-122
194            android:exported="false"
194-->[com.google.android.gms:play-services-ads-lite:18.1.1] AndroidManifest.xml:32:13-37
195            android:theme="@android:style/Theme.Translucent" />
195-->[com.google.android.gms:play-services-ads-lite:18.1.1] AndroidManifest.xml:33:13-61
196
197        <provider
197-->[com.google.android.gms:play-services-ads-lite:18.1.1] AndroidManifest.xml:35:9-39:39
198            android:name="com.google.android.gms.ads.MobileAdsInitProvider"
198-->[com.google.android.gms:play-services-ads-lite:18.1.1] AndroidManifest.xml:36:13-76
199            android:authorities="im.getsocial.flutter.demo.mobileadsinitprovider"
199-->[com.google.android.gms:play-services-ads-lite:18.1.1] AndroidManifest.xml:37:13-73
200            android:exported="false"
200-->[com.google.android.gms:play-services-ads-lite:18.1.1] AndroidManifest.xml:38:13-37
201            android:initOrder="100" />
201-->[com.google.android.gms:play-services-ads-lite:18.1.1] AndroidManifest.xml:39:13-36
202
203        <receiver
203-->[com.google.android.gms:play-services-measurement:17.0.0] AndroidManifest.xml:29:9-33:20
204            android:name="com.google.android.gms.measurement.AppMeasurementReceiver"
204-->[com.google.android.gms:play-services-measurement:17.0.0] AndroidManifest.xml:30:13-85
205            android:enabled="true"
205-->[com.google.android.gms:play-services-measurement:17.0.0] AndroidManifest.xml:31:13-35
206            android:exported="false" >
206-->[com.google.android.gms:play-services-measurement:17.0.0] AndroidManifest.xml:32:13-37
207        </receiver>
208        <receiver
208-->[com.google.android.gms:play-services-measurement:17.0.0] AndroidManifest.xml:34:9-42:20
209            android:name="com.google.android.gms.measurement.AppMeasurementInstallReferrerReceiver"
209-->[com.google.android.gms:play-services-measurement:17.0.0] AndroidManifest.xml:35:13-100
210            android:enabled="true"
210-->[com.google.android.gms:play-services-measurement:17.0.0] AndroidManifest.xml:36:13-35
211            android:exported="true"
211-->[com.google.android.gms:play-services-measurement:17.0.0] AndroidManifest.xml:37:13-36
212            android:permission="android.permission.INSTALL_PACKAGES" >
212-->[com.google.android.gms:play-services-measurement:17.0.0] AndroidManifest.xml:38:13-69
213            <intent-filter>
213-->[com.google.android.gms:play-services-measurement:17.0.0] AndroidManifest.xml:39:13-41:29
214                <action android:name="com.android.vending.INSTALL_REFERRER" />
214-->[com.google.android.gms:play-services-measurement:17.0.0] AndroidManifest.xml:40:17-79
214-->[com.google.android.gms:play-services-measurement:17.0.0] AndroidManifest.xml:40:25-76
215            </intent-filter>
216        </receiver>
217
218        <service
218-->[com.google.android.gms:play-services-measurement:17.0.0] AndroidManifest.xml:44:9-47:40
219            android:name="com.google.android.gms.measurement.AppMeasurementService"
219-->[com.google.android.gms:play-services-measurement:17.0.0] AndroidManifest.xml:45:13-84
220            android:enabled="true"
220-->[com.google.android.gms:play-services-measurement:17.0.0] AndroidManifest.xml:46:13-35
221            android:exported="false" />
221-->[com.google.android.gms:play-services-measurement:17.0.0] AndroidManifest.xml:47:13-37
222        <service
222-->[com.google.android.gms:play-services-measurement:17.0.0] AndroidManifest.xml:48:9-52:72
223            android:name="com.google.android.gms.measurement.AppMeasurementJobService"
223-->[com.google.android.gms:play-services-measurement:17.0.0] AndroidManifest.xml:49:13-87
224            android:enabled="true"
224-->[com.google.android.gms:play-services-measurement:17.0.0] AndroidManifest.xml:50:13-35
225            android:exported="false"
225-->[com.google.android.gms:play-services-measurement:17.0.0] AndroidManifest.xml:51:13-37
226            android:permission="android.permission.BIND_JOB_SERVICE" />
226-->[com.google.android.gms:play-services-measurement:17.0.0] AndroidManifest.xml:52:13-69
227
228        <meta-data
228-->[com.google.android.gms:play-services-basement:17.0.0] AndroidManifest.xml:23:9-25:69
229            android:name="com.google.android.gms.version"
229-->[com.google.android.gms:play-services-basement:17.0.0] AndroidManifest.xml:24:13-58
230            android:value="@integer/google_play_services_version" />
230-->[com.google.android.gms:play-services-basement:17.0.0] AndroidManifest.xml:25:13-66
231    </application>
232
233</manifest>